<?xml version="1.0" encoding="UTF-8"?>
<!-- Generated by org.testng.reporters.JUnitXMLReporter -->
<testsuite hostname="KARMA" ignored="0" tests="7" failures="0" timestamp="2023-05-19T10:21:41 CDT" time="0.07" errors="0">
  <testcase name="displayUnquieChars" time="0.009" classname="JavaProgrammingQuestions"/>
  <testcase name="findFactorialNumber" time="0.001" classname="JavaProgrammingQuestions"/>
  <testcase name="getNumberFromAlphanumeric" time="0.002" classname="JavaProgrammingQuestions"/>
  <testcase name="occurencesCountFromString" time="0.002" classname="JavaProgrammingQuestions"/>
  <testcase name="printFibonaciiSeries" time="0.002" classname="JavaProgrammingQuestions"/>
  <testcase name="reverseString_StringBuffer" time="0.001" classname="JavaProgrammingQuestions"/>
  <testcase name="reverseString_usingStringBuilder" time="0.002" classname="JavaProgrammingQuestions"/>
</testsuite>
