<?xml version="1.0" encoding="UTF-8"?>
<testng-results skipped="0" failed="0" ignored="0" total="1" passed="1">
  <reporter-output>
  </reporter-output>
  <suite name="Default suite" duration-ms="11636" started-at="2023-05-22T10:53:55 CDT" finished-at="2023-05-22T10:54:07 CDT">
    <groups>
    </groups>
    <test name="Default test" duration-ms="11636" started-at="2023-05-22T10:53:55 CDT" finished-at="2023-05-22T10:54:07 CDT">
      <class name="com.ciginit.interveiw.Cig_InterUI">
        <test-method status="PASS" signature="openNaveenAutomationOpenCart()[pri:0, instance:com.ciginit.interveiw.Cig_InterUI@75881071]" name="openNaveenAutomationOpenCart" duration-ms="11591" started-at="2023-05-22T10:53:55 CDT" finished-at="2023-05-22T10:54:07 CDT">
          <reporter-output>
          </reporter-output>
        </test-method> <!-- openNaveenAutomationOpenCart -->
      </class> <!-- com.ciginit.interveiw.Cig_InterUI -->
    </test> <!-- Default test -->
  </suite> <!-- Default suite -->
</testng-results>
