<?xml version="1.0" encoding="UTF-8"?>
<testng-results skipped="0" failed="0" ignored="0" total="7" passed="7">
  <reporter-output>
  </reporter-output>
  <suite name="Default suite" duration-ms="70" started-at="2023-05-19T10:21:41 CDT" finished-at="2023-05-19T10:21:41 CDT">
    <groups>
    </groups>
    <test name="Default test" duration-ms="70" started-at="2023-05-19T10:21:41 CDT" finished-at="2023-05-19T10:21:41 CDT">
      <class name="JavaProgrammingQuestions">
        <test-method status="PASS" signature="displayUnquieChars()[pri:0, instance:JavaProgrammingQuestions@543c6f6d]" name="displayUnquieChars" duration-ms="9" started-at="2023-05-19T10:21:41 CDT" finished-at="2023-05-19T10:21:41 CDT">
          <reporter-output>
          </reporter-output>
        </test-method> <!-- displayUnquieChars -->
        <test-method status="PASS" signature="findFactorialNumber()[pri:0, instance:JavaProgrammingQuestions@543c6f6d]" name="findFactorialNumber" duration-ms="1" started-at="2023-05-19T10:21:41 CDT" finished-at="2023-05-19T10:21:41 CDT">
          <reporter-output>
          </reporter-output>
        </test-method> <!-- findFactorialNumber -->
        <test-method status="PASS" signature="getNumberFromAlphanumeric()[pri:0, instance:JavaProgrammingQuestions@543c6f6d]" name="getNumberFromAlphanumeric" duration-ms="2" started-at="2023-05-19T10:21:41 CDT" finished-at="2023-05-19T10:21:41 CDT">
          <reporter-output>
          </reporter-output>
        </test-method> <!-- getNumberFromAlphanumeric -->
        <test-method status="PASS" signature="occurencesCountFromString()[pri:0, instance:JavaProgrammingQuestions@543c6f6d]" name="occurencesCountFromString" duration-ms="2" started-at="2023-05-19T10:21:41 CDT" finished-at="2023-05-19T10:21:41 CDT">
          <reporter-output>
          </reporter-output>
        </test-method> <!-- occurencesCountFromString -->
        <test-method status="PASS" signature="printFibonaciiSeries()[pri:0, instance:JavaProgrammingQuestions@543c6f6d]" name="printFibonaciiSeries" duration-ms="2" started-at="2023-05-19T10:21:41 CDT" finished-at="2023-05-19T10:21:41 CDT">
          <reporter-output>
          </reporter-output>
        </test-method> <!-- printFibonaciiSeries -->
        <test-method status="PASS" signature="reverseString_StringBuffer()[pri:0, instance:JavaProgrammingQuestions@543c6f6d]" name="reverseString_StringBuffer" duration-ms="1" started-at="2023-05-19T10:21:41 CDT" finished-at="2023-05-19T10:21:41 CDT">
          <reporter-output>
          </reporter-output>
        </test-method> <!-- reverseString_StringBuffer -->
        <test-method status="PASS" signature="reverseString_usingStringBuilder()[pri:0, instance:JavaProgrammingQuestions@543c6f6d]" name="reverseString_usingStringBuilder" duration-ms="2" started-at="2023-05-19T10:21:41 CDT" finished-at="2023-05-19T10:21:41 CDT">
          <reporter-output>
          </reporter-output>
        </test-method> <!-- reverseString_usingStringBuilder -->
      </class> <!-- JavaProgrammingQuestions -->
    </test> <!-- Default test -->
  </suite> <!-- Default suite -->
</testng-results>
